c:\users\tsingh201\source\repos\gp3labs4\intermediates\x64\debug\vc142.pdb
c:\users\tsingh201\source\repos\gp3labs4\intermediates\x64\debug\vc142.idb
c:\users\tsingh201\source\repos\gp3labs4\intermediates\x64\debug\shader.obj
c:\users\tsingh201\source\repos\gp3labs4\intermediates\x64\debug\rigidbody.obj
c:\users\tsingh201\source\repos\gp3labs4\intermediates\x64\debug\resources.obj
c:\users\tsingh201\source\repos\gp3labs4\intermediates\x64\debug\physics.obj
c:\users\tsingh201\source\repos\gp3labs4\intermediates\x64\debug\model.obj
c:\users\tsingh201\source\repos\gp3labs4\intermediates\x64\debug\meshrenderer.obj
c:\users\tsingh201\source\repos\gp3labs4\intermediates\x64\debug\mesh.obj
c:\users\tsingh201\source\repos\gp3labs4\intermediates\x64\debug\log.obj
c:\users\tsingh201\source\repos\gp3labs4\intermediates\x64\debug\input.obj
c:\users\tsingh201\source\repos\gp3labs4\intermediates\x64\debug\gp3labs.obj
c:\users\tsingh201\source\repos\gp3labs4\intermediates\x64\debug\entity.obj
c:\users\tsingh201\source\repos\gp3labs4\intermediates\x64\debug\directionallight.obj
c:\users\tsingh201\source\repos\gp3labs4\intermediates\x64\debug\cylindershape.obj
c:\users\tsingh201\source\repos\gp3labs4\intermediates\x64\debug\coneshape.obj
c:\users\tsingh201\source\repos\gp3labs4\intermediates\x64\debug\collisionshape.obj
c:\users\tsingh201\source\repos\gp3labs4\intermediates\x64\debug\capsuleshape.obj
c:\users\tsingh201\source\repos\gp3labs4\intermediates\x64\debug\cameracomp.obj
c:\users\tsingh201\source\repos\gp3labs4\intermediates\x64\debug\camera.obj
c:\users\tsingh201\source\repos\gp3labs4\intermediates\x64\debug\boxshape.obj
c:\users\tsingh201\source\repos\gp3labs4\intermediates\x64\debug\application.obj
c:\users\tsingh201\source\repos\gp3labs4\intermediates\x64\debug\transform.obj
c:\users\tsingh201\source\repos\gp3labs4\intermediates\x64\debug\texture.obj
c:\users\tsingh201\source\repos\gp3labs4\intermediates\x64\debug\sphereshape.obj
c:\users\tsingh201\source\repos\gp3labs4\intermediates\x64\debug\shaderprogram.obj
c:\users\tsingh201\source\repos\gp3labs4\bin\x64\debug\gp3labs_x64.exe
c:\users\tsingh201\source\repos\gp3labs4\bin\x64\debug\gp3labs_x64.ilk
c:\users\tsingh201\source\repos\gp3labs4\bin\x64\debug\gp3labs_x64.pdb
c:\users\tsingh201\source\repos\gp3labs4\intermediates\x64\debug\gp3labs.tlog\cl.command.1.tlog
c:\users\tsingh201\source\repos\gp3labs4\intermediates\x64\debug\gp3labs.tlog\cl.read.1.tlog
c:\users\tsingh201\source\repos\gp3labs4\intermediates\x64\debug\gp3labs.tlog\cl.write.1.tlog
c:\users\tsingh201\source\repos\gp3labs4\intermediates\x64\debug\gp3labs.tlog\link.command.1.tlog
c:\users\tsingh201\source\repos\gp3labs4\intermediates\x64\debug\gp3labs.tlog\link.read.1.tlog
c:\users\tsingh201\source\repos\gp3labs4\intermediates\x64\debug\gp3labs.tlog\link.write.1.tlog
