c:\users\rmcgur202\desktop\gp3labs3\gp3labs2\gp3labs\gp3labs\intermediates\win32\debug\vc142.pdb
c:\users\rmcgur202\desktop\gp3labs3\gp3labs2\gp3labs\gp3labs\intermediates\win32\debug\vc142.idb
c:\users\rmcgur202\desktop\gp3labs3\gp3labs2\gp3labs\gp3labs\intermediates\win32\debug\transform.obj
c:\users\rmcgur202\desktop\gp3labs3\gp3labs2\gp3labs\gp3labs\intermediates\win32\debug\texture.obj
c:\users\rmcgur202\desktop\gp3labs3\gp3labs2\gp3labs\gp3labs\intermediates\win32\debug\shaderprogram.obj
c:\users\rmcgur202\desktop\gp3labs3\gp3labs2\gp3labs\gp3labs\intermediates\win32\debug\shader.obj
c:\users\rmcgur202\desktop\gp3labs3\gp3labs2\gp3labs\gp3labs\intermediates\win32\debug\meshrenderer.obj
c:\users\rmcgur202\desktop\gp3labs3\gp3labs2\gp3labs\gp3labs\intermediates\win32\debug\mesh.obj
c:\users\rmcgur202\desktop\gp3labs3\gp3labs2\gp3labs\gp3labs\intermediates\win32\debug\log.obj
c:\users\rmcgur202\desktop\gp3labs3\gp3labs2\gp3labs\gp3labs\intermediates\win32\debug\input.obj
c:\users\rmcgur202\desktop\gp3labs3\gp3labs2\gp3labs\gp3labs\intermediates\win32\debug\gp3labs.obj
c:\users\rmcgur202\desktop\gp3labs3\gp3labs2\gp3labs\gp3labs\intermediates\win32\debug\entity.obj
c:\users\rmcgur202\desktop\gp3labs3\gp3labs2\gp3labs\gp3labs\intermediates\win32\debug\cameracomp.obj
c:\users\rmcgur202\desktop\gp3labs3\gp3labs2\gp3labs\gp3labs\intermediates\win32\debug\camera.obj
c:\users\rmcgur202\desktop\gp3labs3\gp3labs2\gp3labs\gp3labs\intermediates\win32\debug\application.obj
c:\users\rmcgur202\desktop\gp3labs3\gp3labs2\gp3labs\gp3labs\intermediates\win32\debug\model.obj
c:\users\rmcgur202\desktop\gp3labs3\gp3labs2\gp3labs\gp3labs\bin\win32\debug\gp3labs_win32.exe
c:\users\rmcgur202\desktop\gp3labs3\gp3labs2\gp3labs\gp3labs\bin\win32\debug\gp3labs_win32.ilk
c:\users\rmcgur202\desktop\gp3labs3\gp3labs2\gp3labs\gp3labs\bin\win32\debug\gp3labs_win32.pdb
c:\users\rmcgur202\desktop\gp3labs3\gp3labs2\gp3labs\gp3labs\intermediates\win32\debug\gp3labs.tlog\cl.command.1.tlog
c:\users\rmcgur202\desktop\gp3labs3\gp3labs2\gp3labs\gp3labs\intermediates\win32\debug\gp3labs.tlog\cl.read.1.tlog
c:\users\rmcgur202\desktop\gp3labs3\gp3labs2\gp3labs\gp3labs\intermediates\win32\debug\gp3labs.tlog\cl.write.1.tlog
c:\users\rmcgur202\desktop\gp3labs3\gp3labs2\gp3labs\gp3labs\intermediates\win32\debug\gp3labs.tlog\link.command.1.tlog
c:\users\rmcgur202\desktop\gp3labs3\gp3labs2\gp3labs\gp3labs\intermediates\win32\debug\gp3labs.tlog\link.read.1.tlog
c:\users\rmcgur202\desktop\gp3labs3\gp3labs2\gp3labs\gp3labs\intermediates\win32\debug\gp3labs.tlog\link.write.1.tlog
